<?xml version="1.0" encoding="UTF-8"?>
<!-- Generated by org.testng.reporters.JUnitXMLReporter -->
<testsuite hostname="Vlad" ignored="1" name="smoke tests" tests="5" failures="0" timestamp="28 Jan 2020 21:47:27 GMT" time="62.207" errors="0">
  <testcase name="ExplicitWait" time="4.717" classname="seleniumTests.day12_Impl_Expl_Th_Wait"/>
  <testcase name="ImplicitWait" time="3.784" classname="seleniumTests.day12_Impl_Expl_Th_Wait"/>
  <testcase name="readPropertiesTest" time="0.004" classname="PageObjModelTests.LoginTestWithProperties"/>
  <testcase name="UseConfigProp" time="14.17" classname="PageObjModelTests.POM_Using_ConfigPropFile"/>
  <testcase name="propTest" time="5.978" classname="PageObjModelTests.SimpleProperty"/>
  <testcase name="ThreesWait" time="0.0" classname="seleniumTests.day12_Impl_Expl_Th_Wait">
    <ignored/>
  </testcase> <!-- ThreesWait -->
</testsuite> <!-- smoke tests -->
