<?xml version="1.0" encoding="UTF-8"?>
<testng-results skipped="0" failed="0" ignored="0" total="1" passed="1">
  <reporter-output>
  </reporter-output>
  <suite name="Regression tests" duration-ms="10161" started-at="2020-01-28T21:49:20Z" finished-at="2020-01-28T21:49:30Z">
    <groups>
    </groups>
    <test name="Regression Test" duration-ms="10161" started-at="2020-01-28T21:49:20Z" finished-at="2020-01-28T21:49:30Z">
      <class name="testNG_Tests.TestNGDemo">
        <test-method status="PASS" signature="setUpMethod()[pri:0, instance:testNG_Tests.TestNGDemo@5d624da6]" name="setUpMethod" is-config="true" duration-ms="9049" started-at="2020-01-28T21:49:20Z" finished-at="2020-01-28T21:49:29Z">
          <reporter-output>
          </reporter-output>
        </test-method> <!-- setUpMethod -->
        <test-method status="PASS" signature="testAmazon()[pri:0, instance:testNG_Tests.TestNGDemo@5d624da6]" name="testAmazon" duration-ms="160" started-at="2020-01-28T21:49:29Z" finished-at="2020-01-28T21:49:30Z">
          <reporter-output>
          </reporter-output>
        </test-method> <!-- testAmazon -->
        <test-method status="PASS" signature="tearDown()[pri:0, instance:testNG_Tests.TestNGDemo@5d624da6]" name="tearDown" is-config="true" duration-ms="900" started-at="2020-01-28T21:49:30Z" finished-at="2020-01-28T21:49:30Z">
          <reporter-output>
          </reporter-output>
        </test-method> <!-- tearDown -->
      </class> <!-- testNG_Tests.TestNGDemo -->
    </test> <!-- Regression Test -->
  </suite> <!-- Regression tests -->
</testng-results>
